-------------------------------------------------------------------------------
Test set: com.barcommerce.barcommerce.controller.ProdutoControllerTest
-------------------------------------------------------------------------------
Tests run: 9, Failures: 2, Errors: 0, Skipped: 0, Time elapsed: 9.364 s <<< FAILURE! -- in com.barcommerce.barcommerce.controller.ProdutoControllerTest
com.barcommerce.barcommerce.controller.ProdutoControllerTest.atualizarProduto_falha -- Time elapsed: 0.023 s <<< FAILURE!
java.lang.AssertionError: Status expected:<404> but was:<400>
	at org.springframework.test.util.AssertionErrors.fail(AssertionErrors.java:61)
	at org.springframework.test.util.AssertionErrors.assertEquals(AssertionErrors.java:128)
	at org.springframework.test.web.servlet.result.StatusResultMatchers.lambda$matcher$9(StatusResultMatchers.java:640)
	at org.springframework.test.web.servlet.MockMvc$1.andExpect(MockMvc.java:214)
	at com.barcommerce.barcommerce.controller.ProdutoControllerTest.atualizarProduto_falha(ProdutoControllerTest.java:169)
	at java.base/java.lang.reflect.Method.invoke(Method.java:580)
	at java.base/java.util.ArrayList.forEach(ArrayList.java:1597)
	at java.base/java.util.ArrayList.forEach(ArrayList.java:1597)

com.barcommerce.barcommerce.controller.ProdutoControllerTest.criarProduto_sucesso -- Time elapsed: 0.026 s <<< FAILURE!
java.lang.AssertionError: No value at JSON path "$.categoria.id"
	at org.springframework.test.util.JsonPathExpectationsHelper.evaluateJsonPath(JsonPathExpectationsHelper.java:351)
	at org.springframework.test.util.JsonPathExpectationsHelper.assertValue(JsonPathExpectationsHelper.java:148)
	at org.springframework.test.web.servlet.result.JsonPathResultMatchers.lambda$value$2(JsonPathResultMatchers.java:112)
	at org.springframework.test.web.servlet.MockMvc$1.andExpect(MockMvc.java:214)
	at com.barcommerce.barcommerce.controller.ProdutoControllerTest.criarProduto_sucesso(ProdutoControllerTest.java:92)
	at java.base/java.lang.reflect.Method.invoke(Method.java:580)
	at java.base/java.util.ArrayList.forEach(ArrayList.java:1597)
	at java.base/java.util.ArrayList.forEach(ArrayList.java:1597)
Caused by: com.jayway.jsonpath.PathNotFoundException: Missing property in path $['categoria']

