<?xml version="1.0" encoding="UTF-8"?>
<testsuite xmlns:xsi="http://www.w3.org/2001/XMLSchema-instance" xsi:noNamespaceSchemaLocation="https://maven.apache.org/surefire/maven-surefire-plugin/xsd/surefire-test-report.xsd" version="3.0.2" name="com.barcommerce.barcommerce.service.ProdutoServiceTest" time="0.719" tests="6" errors="0" skipped="0" failures="0">
  <properties>
[...]
</properties>
  <testcase name="deveBuscarProdutoPorId" classname="com.barcommerce.barcommerce.service.ProdutoServiceTest" time="0.642"/>
  <testcase name="naoDeveDeletarProdutoInexistente" classname="com.barcommerce.barcommerce.service.ProdutoServiceTest" time="0.018"/>
  <testcase name="naoDeveCriarProdutoComCategoriaInvalida" classname="com.barcommerce.barcommerce.service.ProdutoServiceTest" time="0.004"/>
  <testcase name="deveListarTodosProdutos" classname="com.barcommerce.barcommerce.service.ProdutoServiceTest" time="0.01"/>
  <testcase name="deveDeletarProdutoExistente" classname="com.barcommerce.barcommerce.service.ProdutoServiceTest" time="0.009"/>
  <testcase name="deveCriarProdutoComCategoriaValida" classname="com.barcommerce.barcommerce.service.ProdutoServiceTest" time="0.007"/>
</testsuite>