<?xml version="1.0" encoding="UTF-8"?>
<testsuite xmlns:xsi="http://www.w3.org/2001/XMLSchema-instance" xsi:noNamespaceSchemaLocation="https://maven.apache.org/surefire/maven-surefire-plugin/xsd/surefire-test-report-3.0.xsd" version="3.0" name="com.barcommerce.barcommerce.BarcommerceApplicationTests" time="30.096" tests="1" errors="0" skipped="0" failures="0">
  <properties>
[...]
</properties>
  <testcase name="contextLoads" classname="com.barcommerce.barcommerce.BarcommerceApplicationTests" time="4.598">
    <system-out><![CDATA[11:25:21.505 [main] INFO org.springframework.test.context.support.AnnotationConfigContextLoaderUtils -- Could not detect default configuration classes for test class [com.barcommerce.barcommerce.BarcommerceApplicationTests]: BarcommerceApplicationTests does not declare any static, non-private, non-final, nested classes annotated with @Configuration.
11:25:21.895 [main] INFO org.springframework.boot.test.context.SpringBootTestContextBootstrapper -- Found @SpringBootConfiguration com.barcommerce.barcommerce.BarcommerceApplication for test class com.barcommerce.barcommerce.BarcommerceApplicationTests
11:25:22.798 [main] INFO org.springframework.boot.devtools.restart.RestartApplicationListener -- Restart disabled due to context in which it is running

  .   ____          _            __ _ _
 /\\ / ___'_ __ _ _(_)_ __  __ _ \ \ \ \
( ( )\___ | '_ | '_| | '_ \/ _` | \ \ \ \
 \\/  ___)| |_)| | | | | || (_| |  ) ) ) )
  '  |____| .__|_| |_|_| |_\__, | / / / /
 =========|_|==============|___/=/_/_/_/
 :: Spring Boot ::                (v3.1.5)

2025-04-13T11:25:24.209-03:00  INFO 8404 --- [           main] c.b.b.BarcommerceApplicationTests        : Starting BarcommerceApplicationTests using Java 23.0.1 with PID 8404 (started by Mauricio in C:\Users\Mauricio\IdeaProjects\barcommerce)
2025-04-13T11:25:24.213-03:00  INFO 8404 --- [           main] c.b.b.BarcommerceApplicationTests        : No active profile set, falling back to 1 default profile: "default"
2025-04-13T11:25:29.976-03:00  INFO 8404 --- [           main] .s.d.r.c.RepositoryConfigurationDelegate : Bootstrapping Spring Data JPA repositories in DEFAULT mode.
2025-04-13T11:25:30.238-03:00  INFO 8404 --- [           main] .s.d.r.c.RepositoryConfigurationDelegate : Finished Spring Data repository scanning in 208 ms. Found 2 JPA repository interfaces.
2025-04-13T11:25:32.370-03:00  INFO 8404 --- [           main] o.hibernate.jpa.internal.util.LogHelper  : HHH000204: Processing PersistenceUnitInfo [name: default]
2025-04-13T11:25:32.953-03:00  INFO 8404 --- [           main] org.hibernate.Version                    : HHH000412: Hibernate ORM core version 6.2.13.Final
2025-04-13T11:25:32.958-03:00  INFO 8404 --- [           main] org.hibernate.cfg.Environment            : HHH000406: Using bytecode reflection optimizer
2025-04-13T11:25:34.710-03:00  INFO 8404 --- [           main] o.s.o.j.p.SpringPersistenceUnitInfo      : No LoadTimeWeaver setup: ignoring JPA class transformer
2025-04-13T11:25:34.922-03:00  INFO 8404 --- [           main] com.zaxxer.hikari.HikariDataSource       : HikariPool-1 - Starting...
2025-04-13T11:25:36.191-03:00  INFO 8404 --- [           main] com.zaxxer.hikari.pool.HikariPool        : HikariPool-1 - Added connection org.mariadb.jdbc.Connection@6b2ef50e
2025-04-13T11:25:36.195-03:00  INFO 8404 --- [           main] com.zaxxer.hikari.HikariDataSource       : HikariPool-1 - Start completed.
2025-04-13T11:25:36.430-03:00  WARN 8404 --- [           main] org.hibernate.orm.deprecation            : HHH90000025: MariaDBDialect does not need to be specified explicitly using 'hibernate.dialect' (remove the property setting and it will be selected by default)
2025-04-13T11:25:39.789-03:00  INFO 8404 --- [           main] o.h.e.t.j.p.i.JtaPlatformInitiator       : HHH000489: No JTA platform available (set 'hibernate.transaction.jta.platform' to enable JTA platform integration)
2025-04-13T11:25:41.428-03:00  INFO 8404 --- [           main] j.LocalContainerEntityManagerFactoryBean : Initialized JPA EntityManagerFactory for persistence unit 'default'
2025-04-13T11:25:44.007-03:00  WARN 8404 --- [           main] JpaBaseConfiguration$JpaWebConfiguration : spring.jpa.open-in-view is enabled by default. Therefore, database queries may be performed during view rendering. Explicitly configure spring.jpa.open-in-view to disable this warning
2025-04-13T11:25:45.771-03:00  INFO 8404 --- [           main] c.b.b.BarcommerceApplicationTests        : Started BarcommerceApplicationTests in 23.063 seconds (process running for 27.699)
]]></system-out>
    <system-err><![CDATA[WARNING: A Java agent has been loaded dynamically (C:\Users\Mauricio\.m2\repository\net\bytebuddy\byte-buddy-agent\1.14.9\byte-buddy-agent-1.14.9.jar)
WARNING: If a serviceability tool is in use, please run with -XX:+EnableDynamicAgentLoading to hide this warning
WARNING: If a serviceability tool is not in use, please run with -Djdk.instrument.traceUsage for more information
WARNING: Dynamic loading of agents will be disallowed by default in a future release
]]></system-err>
  </testcase>
</testsuite>