<?xml version="1.0" encoding="UTF-8"?>
<testsuite xmlns:xsi="http://www.w3.org/2001/XMLSchema-instance" xsi:noNamespaceSchemaLocation="https://maven.apache.org/surefire/maven-surefire-plugin/xsd/surefire-test-report.xsd" version="3.0.2" name="com.barcommerce.barcommerce.controller.ProdutoControllerTest" time="9.364" tests="9" errors="0" skipped="0" failures="2">
  <properties>
[...]
</properties>
  <testcase name="criarProduto_categoriaInvalida" classname="com.barcommerce.barcommerce.controller.ProdutoControllerTest" time="2.459">
    <system-out><![CDATA[2025-04-13T10:09:27.714-03:00  INFO 10928 --- [BarCommerce] [           main] t.c.s.AnnotationConfigContextLoaderUtils : Could not detect default configuration classes for test class [com.barcommerce.barcommerce.controller.ProdutoControllerTest]: ProdutoControllerTest does not declare any static, non-private, non-final, nested classes annotated with @Configuration.
2025-04-13T10:09:27.931-03:00  INFO 10928 --- [BarCommerce] [           main] .b.t.c.SpringBootTestContextBootstrapper : Found @SpringBootConfiguration com.barcommerce.barcommerce.BarcommerceApplication for test class com.barcommerce.barcommerce.controller.ProdutoControllerTest
2025-04-13T10:09:27.945-03:00  INFO 10928 --- [BarCommerce] [           main] o.s.b.d.r.RestartApplicationListener     : Restart disabled due to context in which it is running

  .   ____          _            __ _ _
 /\\ / ___'_ __ _ _(_)_ __  __ _ \ \ \ \
( ( )\___ | '_ | '_| | '_ \/ _` | \ \ \ \
 \\/  ___)| |_)| | | | | || (_| |  ) ) ) )
  '  |____| .__|_| |_|_| |_\__, | / / / /
 =========|_|==============|___/=/_/_/_/

 :: Spring Boot ::                (v3.4.4)

2025-04-13T10:09:28.118-03:00  INFO 10928 --- [BarCommerce] [           main] c.b.b.controller.ProdutoControllerTest   : Starting ProdutoControllerTest using Java 23.0.1 with PID 10928 (started by Mauricio in C:\Users\Mauricio\IdeaProjects\barcommerce)
2025-04-13T10:09:28.118-03:00  INFO 10928 --- [BarCommerce] [           main] c.b.b.controller.ProdutoControllerTest   : No active profile set, falling back to 1 default profile: "default"
2025-04-13T10:09:33.490-03:00  INFO 10928 --- [BarCommerce] [           main] o.s.b.t.m.w.SpringBootMockServletContext : Initializing Spring TestDispatcherServlet ''
2025-04-13T10:09:33.491-03:00  INFO 10928 --- [BarCommerce] [           main] o.s.t.web.servlet.TestDispatcherServlet  : Initializing Servlet ''
2025-04-13T10:09:33.495-03:00  INFO 10928 --- [BarCommerce] [           main] o.s.t.web.servlet.TestDispatcherServlet  : Completed initialization in 1 ms
2025-04-13T10:09:33.827-03:00  INFO 10928 --- [BarCommerce] [           main] c.b.b.controller.ProdutoControllerTest   : Started ProdutoControllerTest in 5.873 seconds (process running for 33.359)
]]></system-out>
    <system-err><![CDATA[WARNING: A Java agent has been loaded dynamically (C:\Users\Mauricio\.m2\repository\net\bytebuddy\byte-buddy-agent\1.15.11\byte-buddy-agent-1.15.11.jar)
WARNING: If a serviceability tool is in use, please run with -XX:+EnableDynamicAgentLoading to hide this warning
WARNING: If a serviceability tool is not in use, please run with -Djdk.instrument.traceUsage for more information
WARNING: Dynamic loading of agents will be disallowed by default in a future release
]]></system-err>
  </testcase>
  <testcase name="deletarProduto_sucesso" classname="com.barcommerce.barcommerce.controller.ProdutoControllerTest" time="0.05"/>
  <testcase name="buscarPorId_naoExiste" classname="com.barcommerce.barcommerce.controller.ProdutoControllerTest" time="0.045"/>
  <testcase name="deletarProduto_naoExiste" classname="com.barcommerce.barcommerce.controller.ProdutoControllerTest" time="0.014"/>
  <testcase name="buscarPorId_existe" classname="com.barcommerce.barcommerce.controller.ProdutoControllerTest" time="0.17"/>
  <testcase name="atualizarProduto_falha" classname="com.barcommerce.barcommerce.controller.ProdutoControllerTest" time="0.023">
    <failure message="Status expected:&lt;404&gt; but was:&lt;400&gt;" type="java.lang.AssertionError"><![CDATA[java.lang.AssertionError: Status expected:<404> but was:<400>
	at org.springframework.test.util.AssertionErrors.fail(AssertionErrors.java:61)
	at org.springframework.test.util.AssertionErrors.assertEquals(AssertionErrors.java:128)
	at org.springframework.test.web.servlet.result.StatusResultMatchers.lambda$matcher$9(StatusResultMatchers.java:640)
	at org.springframework.test.web.servlet.MockMvc$1.andExpect(MockMvc.java:214)
	at com.barcommerce.barcommerce.controller.ProdutoControllerTest.atualizarProduto_falha(ProdutoControllerTest.java:169)
	at java.base/java.lang.reflect.Method.invoke(Method.java:580)
	at java.base/java.util.ArrayList.forEach(ArrayList.java:1597)
	at java.base/java.util.ArrayList.forEach(ArrayList.java:1597)
]]></failure>
    <system-out><![CDATA[
MockHttpServletRequest:
      HTTP Method = PUT
      Request URI = /api/produtos/10
       Parameters = {}
          Headers = [Content-Type:"application/json;charset=UTF-8", Content-Length:"179"]
             Body = {"id":null,"nome":"Coca-Cola","descricao":"Refrigerante 2L","preco":5.50,"estoque":100,"tipo":"BEBIDA","imagemUrl":"http://exemplo.com/coca.jpg","ativo":true,"categoria":{"id":1}}
    Session Attrs = {}

Handler:
             Type = com.barcommerce.barcommerce.controller.ProdutoController
           Method = com.barcommerce.barcommerce.controller.ProdutoController#atualizar(Long, ProdutoDTO)

Async:
    Async started = false
     Async result = null

Resolved Exception:
             Type = null

ModelAndView:
        View name = null
             View = null
            Model = null

FlashMap:
       Attributes = null

MockHttpServletResponse:
           Status = 400
    Error message = null
          Headers = [Content-Type:"text/plain;charset=UTF-8", Content-Length:"31"]
     Content type = text/plain;charset=UTF-8
             Body = Produto ou categoria inválida.
    Forwarded URL = null
   Redirected URL = null
          Cookies = []
]]></system-out>
  </testcase>
  <testcase name="criarProduto_sucesso" classname="com.barcommerce.barcommerce.controller.ProdutoControllerTest" time="0.026">
    <failure message="No value at JSON path &quot;$.categoria.id&quot;" type="java.lang.AssertionError"><![CDATA[java.lang.AssertionError: No value at JSON path "$.categoria.id"
	at org.springframework.test.util.JsonPathExpectationsHelper.evaluateJsonPath(JsonPathExpectationsHelper.java:351)
	at org.springframework.test.util.JsonPathExpectationsHelper.assertValue(JsonPathExpectationsHelper.java:148)
	at org.springframework.test.web.servlet.result.JsonPathResultMatchers.lambda$value$2(JsonPathResultMatchers.java:112)
	at org.springframework.test.web.servlet.MockMvc$1.andExpect(MockMvc.java:214)
	at com.barcommerce.barcommerce.controller.ProdutoControllerTest.criarProduto_sucesso(ProdutoControllerTest.java:92)
	at java.base/java.lang.reflect.Method.invoke(Method.java:580)
	at java.base/java.util.ArrayList.forEach(ArrayList.java:1597)
	at java.base/java.util.ArrayList.forEach(ArrayList.java:1597)
Caused by: com.jayway.jsonpath.PathNotFoundException: Missing property in path $['categoria']
]]></failure>
    <system-out><![CDATA[
MockHttpServletRequest:
      HTTP Method = POST
      Request URI = /api/produtos
       Parameters = {}
          Headers = [Content-Type:"application/json;charset=UTF-8", Content-Length:"179"]
             Body = {"id":null,"nome":"Coca-Cola","descricao":"Refrigerante 2L","preco":5.50,"estoque":100,"tipo":"BEBIDA","imagemUrl":"http://exemplo.com/coca.jpg","ativo":true,"categoria":{"id":1}}
    Session Attrs = {}

Handler:
             Type = com.barcommerce.barcommerce.controller.ProdutoController
           Method = com.barcommerce.barcommerce.controller.ProdutoController#criar(ProdutoDTO)

Async:
    Async started = false
     Async result = null

Resolved Exception:
             Type = null

ModelAndView:
        View name = null
             View = null
            Model = null

FlashMap:
       Attributes = null

MockHttpServletResponse:
           Status = 200
    Error message = null
          Headers = [Content-Type:"application/json"]
     Content type = application/json
             Body = {"id":10,"nome":"Coca-Cola","descricao":"Refrigerante 2L","preco":5.50,"estoque":100,"tipo":"BEBIDA","imagemUrl":"http://exemplo.com/coca.jpg","ativo":true}
    Forwarded URL = null
   Redirected URL = null
          Cookies = []
]]></system-out>
  </testcase>
  <testcase name="atualizarProduto_sucesso" classname="com.barcommerce.barcommerce.controller.ProdutoControllerTest" time="0.017"/>
  <testcase name="listarProdutos" classname="com.barcommerce.barcommerce.controller.ProdutoControllerTest" time="0.045"/>
</testsuite>