<?xml version="1.0" encoding="UTF-8"?>
<testsuite xmlns:xsi="http://www.w3.org/2001/XMLSchema-instance" xsi:noNamespaceSchemaLocation="https://maven.apache.org/surefire/maven-surefire-plugin/xsd/surefire-test-report-3.0.xsd" version="3.0" name="com.barcommerce.barcommerce.service.ProdutoServiceTest" time="1.494" tests="6" errors="0" skipped="0" failures="0">
  <properties>
[...]
</properties>
  <testcase name="deveBuscarProdutoPorId" classname="com.barcommerce.barcommerce.service.ProdutoServiceTest" time="1.366"/>
  <testcase name="naoDeveDeletarProdutoInexistente" classname="com.barcommerce.barcommerce.service.ProdutoServiceTest" time="0.076"/>
  <testcase name="naoDeveCriarProdutoComCategoriaInvalida" classname="com.barcommerce.barcommerce.service.ProdutoServiceTest" time="0.002"/>
  <testcase name="deveListarTodosProdutos" classname="com.barcommerce.barcommerce.service.ProdutoServiceTest" time="0.004"/>
  <testcase name="deveDeletarProdutoExistente" classname="com.barcommerce.barcommerce.service.ProdutoServiceTest" time="0.024"/>
  <testcase name="deveCriarProdutoComCategoriaValida" classname="com.barcommerce.barcommerce.service.ProdutoServiceTest" time="0.005"/>
</testsuite>